::1 - - [20/Mar/2019:08:33:06 +0000] "GET / HTTP/1.1" 200 22 "-" "Mozilla/5.0 (Windows NT 10.0; Win64; x64) AppleWebKit/537.36 (KHTML, like Gecko) Chrome/72.0.3626.121 Safari/537.36"
::1 - - [20/Mar/2019:08:33:45 +0000] "GET /api/courses HTTP/1.1" 200 10 "-" "Mozilla/5.0 (Windows NT 10.0; Win64; x64) AppleWebKit/537.36 (KHTML, like Gecko) Chrome/72.0.3626.121 Safari/537.36"
::1 - - [20/Mar/2019:09:52:24 +0000] "GET /api/genres HTTP/1.1" 200 2 "-" "Mozilla/5.0 (Windows NT 10.0; Win64; x64) AppleWebKit/537.36 (KHTML, like Gecko) Chrome/72.0.3626.121 Safari/537.36"
::1 - - [20/Mar/2019:09:53:38 +0000] "GET /api/genres HTTP/1.1" 304 - "-" "Mozilla/5.0 (Windows NT 10.0; Win64; x64) AppleWebKit/537.36 (KHTML, like Gecko) Chrome/72.0.3626.121 Safari/537.36"
::1 - - [20/Mar/2019:09:55:00 +0000] "GET /api/genres HTTP/1.1" 304 - "-" "Mozilla/5.0 (Windows NT 10.0; Win64; x64) AppleWebKit/537.36 (KHTML, like Gecko) Chrome/72.0.3626.121 Safari/537.36"
::1 - - [20/Mar/2019:09:56:10 +0000] "GET /api/genres HTTP/1.1" 304 - "-" "Mozilla/5.0 (Windows NT 10.0; Win64; x64) AppleWebKit/537.36 (KHTML, like Gecko) Chrome/72.0.3626.121 Safari/537.36"
::1 - - [20/Mar/2019:09:56:11 +0000] "GET /api/genres HTTP/1.1" 304 - "-" "Mozilla/5.0 (Windows NT 10.0; Win64; x64) AppleWebKit/537.36 (KHTML, like Gecko) Chrome/72.0.3626.121 Safari/537.36"
::1 - - [20/Mar/2019:09:56:27 +0000] "GET /api/genres HTTP/1.1" 304 - "-" "Mozilla/5.0 (Windows NT 10.0; Win64; x64) AppleWebKit/537.36 (KHTML, like Gecko) Chrome/72.0.3626.121 Safari/537.36"
::1 - - [20/Mar/2019:09:56:55 +0000] "GET /api/genres HTTP/1.1" 304 - "-" "Mozilla/5.0 (Windows NT 10.0; Win64; x64) AppleWebKit/537.36 (KHTML, like Gecko) Chrome/72.0.3626.121 Safari/537.36"
::1 - - [20/Mar/2019:09:59:43 +0000] "GET /api/genres HTTP/1.1" 304 - "-" "Mozilla/5.0 (Windows NT 10.0; Win64; x64) AppleWebKit/537.36 (KHTML, like Gecko) Chrome/72.0.3626.121 Safari/537.36"
::1 - - [20/Mar/2019:10:00:28 +0000] "GET /api/genres HTTP/1.1" 304 - "-" "Mozilla/5.0 (Windows NT 10.0; Win64; x64) AppleWebKit/537.36 (KHTML, like Gecko) Chrome/72.0.3626.121 Safari/537.36"
::1 - - [20/Mar/2019:10:00:58 +0000] "GET /api/genres HTTP/1.1" 304 - "-" "Mozilla/5.0 (Windows NT 10.0; Win64; x64) AppleWebKit/537.36 (KHTML, like Gecko) Chrome/72.0.3626.121 Safari/537.36"
::1 - - [20/Mar/2019:10:01:19 +0000] "GET /api/genres HTTP/1.1" 304 - "-" "Mozilla/5.0 (Windows NT 10.0; Win64; x64) AppleWebKit/537.36 (KHTML, like Gecko) Chrome/72.0.3626.121 Safari/537.36"
::1 - - [20/Mar/2019:10:02:14 +0000] "GET /api/genres HTTP/1.1" 304 - "-" "Mozilla/5.0 (Windows NT 10.0; Win64; x64) AppleWebKit/537.36 (KHTML, like Gecko) Chrome/72.0.3626.121 Safari/537.36"
::1 - - [20/Mar/2019:10:02:38 +0000] "GET /api/genres HTTP/1.1" 304 - "-" "Mozilla/5.0 (Windows NT 10.0; Win64; x64) AppleWebKit/537.36 (KHTML, like Gecko) Chrome/72.0.3626.121 Safari/537.36"
::1 - - [20/Mar/2019:10:05:21 +0000] "GET /api/genres HTTP/1.1" - - "-" "PostmanRuntime/7.6.1"
::1 - - [20/Mar/2019:10:05:57 +0000] "GET /api/genres HTTP/1.1" - - "-" "PostmanRuntime/7.6.1"
::1 - - [20/Mar/2019:10:07:04 +0000] "GET /api/genres HTTP/1.1" 304 - "-" "Mozilla/5.0 (Windows NT 10.0; Win64; x64) AppleWebKit/537.36 (KHTML, like Gecko) Chrome/72.0.3626.121 Safari/537.36"
::1 - - [20/Mar/2019:10:07:23 +0000] "GET /api/genres HTTP/1.1" 200 2 "-" "PostmanRuntime/7.6.1"
::1 - - [20/Mar/2019:10:10:45 +0000] "GET /api/genres HTTP/1.1" 200 2 "-" "PostmanRuntime/7.6.1"
::1 - - [20/Mar/2019:10:13:13 +0000] "GET /api/genres HTTP/1.1" 200 2 "-" "PostmanRuntime/7.6.1"
::1 - - [20/Mar/2019:10:14:48 +0000] "GET /api/genres HTTP/1.1" - - "-" "PostmanRuntime/7.6.1"
::1 - - [20/Mar/2019:10:15:12 +0000] "GET /api/genres HTTP/1.1" 200 2 "-" "PostmanRuntime/7.6.1"
::1 - - [20/Mar/2019:10:16:56 +0000] "GET /api/genres HTTP/1.1" 200 2 "-" "PostmanRuntime/7.6.1"
::1 - - [20/Mar/2019:10:17:34 +0000] "GET /api/genres HTTP/1.1" 200 52 "-" "PostmanRuntime/7.6.1"
::1 - - [20/Mar/2019:10:21:06 +0000] "GET /api/genres HTTP/1.1" 200 151 "-" "PostmanRuntime/7.6.1"
::1 - - [20/Mar/2019:10:31:04 +0000] "GET /api/genres/ HTTP/1.1" 200 151 "-" "PostmanRuntime/7.6.1"
::1 - - [20/Mar/2019:10:31:13 +0000] "GET /api/genres/xcvxcvxcv HTTP/1.1" 200 0 "-" "PostmanRuntime/7.6.1"
::1 - - [20/Mar/2019:10:33:23 +0000] "GET /api/genres/xcvxcvxcv HTTP/1.1" - - "-" "PostmanRuntime/7.6.1"
::1 - - [20/Mar/2019:10:33:24 +0000] "GET /api/genres/5c9213352f6c3d33701d0d39 HTTP/1.1" 200 51 "-" "PostmanRuntime/7.6.1"
::1 - - [20/Mar/2019:10:41:33 +0000] "GET /api/genres/5c9213352f6c3d33701d0d39 HTTP/1.1" 200 51 "-" "PostmanRuntime/7.6.1"
::1 - - [20/Mar/2019:11:10:39 +0000] "POST /api/genres HTTP/1.1" 201 - "-" "PostmanRuntime/7.6.1"
::1 - - [20/Mar/2019:11:39:35 +0000] "POST /api/genres HTTP/1.1" 201 56 "-" "PostmanRuntime/7.6.1"
::1 - - [20/Mar/2019:11:56:38 +0000] "DELETE /api/genres/5c922677d12d072570b23543 HTTP/1.1" 200 0 "-" "PostmanRuntime/7.6.1"
::1 - - [20/Mar/2019:11:57:21 +0000] "DELETE /api/genres/5c922677d12d072570b23542 HTTP/1.1" 200 56 "-" "PostmanRuntime/7.6.1"
::1 - - [20/Mar/2019:11:58:58 +0000] "DELETE /api/genres/5c922677d12d072570b23542 HTTP/1.1" 200 4 "-" "PostmanRuntime/7.6.1"
::1 - - [20/Mar/2019:12:19:32 +0000] "POST /api/genres/ HTTP/1.1" 201 56 "-" "PostmanRuntime/7.6.1"
::1 - - [20/Mar/2019:12:19:59 +0000] "PUT /api/genres/5c922fd4b1b073261c611bea HTTP/1.1" 200 57 "-" "PostmanRuntime/7.6.1"
::1 - - [20/Mar/2019:13:34:54 +0000] "GET /api/genres/ HTTP/1.1" 200 209 "-" "PostmanRuntime/7.6.1"
