::1 - - [20/Mar/2019:07:57:29 +0000] "POST / HTTP/1.1" 400 114 "-" "PostmanRuntime/7.6.1"
::1 - - [20/Mar/2019:10:41:25 +0000] "GET /api/genres/asdasdasdas HTTP/1.1" 400 28 "-" "PostmanRuntime/7.6.1"
::1 - - [20/Mar/2019:10:52:42 +0000] "POST /api/genres/ HTTP/1.1" 500 235 "-" "PostmanRuntime/7.6.1"
::1 - - [20/Mar/2019:10:53:40 +0000] "POST /api/genres/ HTTP/1.1" 400 163 "-" "PostmanRuntime/7.6.1"
::1 - - [20/Mar/2019:10:54:12 +0000] "POST /api/genres/ HTTP/1.1" 400 163 "-" "PostmanRuntime/7.6.1"
::1 - - [20/Mar/2019:10:54:47 +0000] "POST /api/genres/ HTTP/1.1" 400 163 "-" "PostmanRuntime/7.6.1"
::1 - - [20/Mar/2019:10:54:51 +0000] "POST /api/genres/ HTTP/1.1" 400 179 "-" "PostmanRuntime/7.6.1"
::1 - - [20/Mar/2019:11:00:10 +0000] "POST /api/genres/ HTTP/1.1" 400 179 "-" "PostmanRuntime/7.6.1"
::1 - - [20/Mar/2019:11:01:02 +0000] "POST /api/genres/ HTTP/1.1" 500 12 "-" "PostmanRuntime/7.6.1"
::1 - - [20/Mar/2019:11:02:59 +0000] "POST /api/genres/ HTTP/1.1" 500 12 "-" "PostmanRuntime/7.6.1"
::1 - - [20/Mar/2019:11:03:28 +0000] "POST /api/genres/ HTTP/1.1" 500 12 "-" "PostmanRuntime/7.6.1"
::1 - - [20/Mar/2019:11:03:31 +0000] "POST /api/genres/ HTTP/1.1" 500 12 "-" "PostmanRuntime/7.6.1"
::1 - - [20/Mar/2019:11:04:53 +0000] "POST /api/genres/ HTTP/1.1" 500 12 "-" "PostmanRuntime/7.6.1"
::1 - - [20/Mar/2019:11:05:23 +0000] "POST /api/genres HTTP/1.1" 500 12 "-" "PostmanRuntime/7.6.1"
::1 - - [20/Mar/2019:11:07:44 +0000] "POST /api/genres HTTP/1.1" 500 12 "-" "PostmanRuntime/7.6.1"
::1 - - [20/Mar/2019:11:09:24 +0000] "POST /api/genres HTTP/1.1" 500 12 "-" "PostmanRuntime/7.6.1"
::1 - - [20/Mar/2019:11:10:15 +0000] "POST /api/genres HTTP/1.1" 500 12 "-" "PostmanRuntime/7.6.1"
::1 - - [20/Mar/2019:11:11:30 +0000] "POST /api/genres HTTP/1.1" 500 526 "-" "PostmanRuntime/7.6.1"
::1 - - [20/Mar/2019:11:13:05 +0000] "POST /api/genres HTTP/1.1" 400 179 "-" "PostmanRuntime/7.6.1"
::1 - - [20/Mar/2019:11:15:51 +0000] "POST /api/genres HTTP/1.1" 500 744 "-" "PostmanRuntime/7.6.1"
::1 - - [20/Mar/2019:11:24:05 +0000] "POST /api/genres HTTP/1.1" 400 179 "-" "PostmanRuntime/7.6.1"
::1 - - [20/Mar/2019:11:24:52 +0000] "POST /api/genres HTTP/1.1" 400 179 "-" "PostmanRuntime/7.6.1"
::1 - - [20/Mar/2019:11:25:06 +0000] "POST /api/genres HTTP/1.1" 400 124 "-" "PostmanRuntime/7.6.1"
::1 - - [20/Mar/2019:11:32:42 +0000] "POST /api/genres HTTP/1.1" 500 36 "-" "PostmanRuntime/7.6.1"
::1 - - [20/Mar/2019:11:33:24 +0000] "POST /api/genres HTTP/1.1" 500 36 "-" "PostmanRuntime/7.6.1"
::1 - - [20/Mar/2019:11:34:22 +0000] "POST /api/genres HTTP/1.1" 500 36 "-" "PostmanRuntime/7.6.1"
::1 - - [20/Mar/2019:11:36:28 +0000] "POST /api/genres HTTP/1.1" 500 109 "-" "PostmanRuntime/7.6.1"
::1 - - [20/Mar/2019:11:38:08 +0000] "POST /api/genres HTTP/1.1" 400 89 "-" "PostmanRuntime/7.6.1"
::1 - - [20/Mar/2019:11:45:11 +0000] "DELETE /api/genres/vxcvxcvxcv HTTP/1.1" 400 28 "-" "PostmanRuntime/7.6.1"
::1 - - [20/Mar/2019:11:45:23 +0000] "DELETE /api/genres/5c922677d12d072570b235425555 HTTP/1.1" 400 28 "-" "PostmanRuntime/7.6.1"
::1 - - [20/Mar/2019:11:47:59 +0000] "DELETE /api/genres/5c922677d12d072570b23543 HTTP/1.1" 500 12 "-" "PostmanRuntime/7.6.1"
::1 - - [20/Mar/2019:11:48:18 +0000] "DELETE /api/genres/5c922677d12d072570b23543 HTTP/1.1" 500 12 "-" "PostmanRuntime/7.6.1"
::1 - - [20/Mar/2019:11:48:44 +0000] "DELETE /api/genres/5c922677d12d072570b23543 HTTP/1.1" 500 12 "-" "PostmanRuntime/7.6.1"
::1 - - [20/Mar/2019:11:49:54 +0000] "DELETE /api/genres/5c922677d12d072570b23542 HTTP/1.1" 500 12 "-" "PostmanRuntime/7.6.1"
::1 - - [20/Mar/2019:11:50:11 +0000] "DELETE /api/genres/5c922677d12d072570b23542 HTTP/1.1" 500 12 "-" "PostmanRuntime/7.6.1"
::1 - - [20/Mar/2019:11:52:40 +0000] "DELETE /api/genres/5c922677d12d072570b23542 HTTP/1.1" 500 12 "-" "PostmanRuntime/7.6.1"
::1 - - [20/Mar/2019:12:04:47 +0000] "DELETE /api/genres/5c922677d12d072570b23542 HTTP/1.1" 404 30 "-" "PostmanRuntime/7.6.1"
::1 - - [20/Mar/2019:12:06:06 +0000] "DELETE /api/genres/5c922677d12d072570b23542 HTTP/1.1" 404 30 "-" "PostmanRuntime/7.6.1"
::1 - - [20/Mar/2019:12:06:13 +0000] "DELETE /api/genres/5c922677d12d072570b23542 HTTP/1.1" 404 12 "-" "PostmanRuntime/7.6.1"
::1 - - [20/Mar/2019:12:06:50 +0000] "DELETE /api/genres/5c922677d12d072570b23542 HTTP/1.1" 404 36 "-" "PostmanRuntime/7.6.1"
::1 - - [20/Mar/2019:12:07:28 +0000] "DELETE /api/genres/5c922677d12d072570b23542 HTTP/1.1" 404 12 "-" "PostmanRuntime/7.6.1"
::1 - - [20/Mar/2019:12:10:09 +0000] "DELETE /api/genres/5c922677d12d072570b23542 HTTP/1.1" 404 36 "-" "PostmanRuntime/7.6.1"
::1 - - [20/Mar/2019:12:10:45 +0000] "DELETE /api/genres/5c922677d12d072570b23542 HTTP/1.1" 404 36 "-" "PostmanRuntime/7.6.1"
::1 - - [20/Mar/2019:12:10:51 +0000] "DELETE /api/genres/5c922677d12d072570b23542 HTTP/1.1" 404 36 "-" "PostmanRuntime/7.6.1"
::1 - - [20/Mar/2019:12:10:58 +0000] "DELETE /api/genres/5c922677d12d072570b23542 HTTP/1.1" 404 36 "-" "PostmanRuntime/7.6.1"
::1 - - [20/Mar/2019:12:12:13 +0000] "DELETE /api/genres/5c922677d12d072570b23542 HTTP/1.1" 404 36 "-" "PostmanRuntime/7.6.1"
::1 - - [20/Mar/2019:12:12:58 +0000] "DELETE /api/genres/5c922677d12d072570b23542 HTTP/1.1" 404 36 "-" "PostmanRuntime/7.6.1"
::1 - - [20/Mar/2019:12:13:17 +0000] "DELETE /api/genres/5c922677d12d072570b23542 HTTP/1.1" 404 30 "-" "PostmanRuntime/7.6.1"
::1 - - [20/Mar/2019:12:13:29 +0000] "DELETE /api/genres/5c922677d12d072570b23542 HTTP/1.1" 404 30 "-" "PostmanRuntime/7.6.1"
::1 - - [20/Mar/2019:12:13:45 +0000] "DELETE /api/genres/5c922677d12d072570b23542 HTTP/1.1" 404 36 "-" "PostmanRuntime/7.6.1"
::1 - - [20/Mar/2019:12:13:58 +0000] "DELETE /api/genres/5c922677d12d072570b23542 HTTP/1.1" 404 25 "-" "PostmanRuntime/7.6.1"
::1 - - [20/Mar/2019:12:19:44 +0000] "PUT /api/genres/5c922fd4b1b073261c611beb HTTP/1.1" 404 30 "-" "PostmanRuntime/7.6.1"
::1 - - [20/Mar/2019:12:19:48 +0000] "PUT /api/genres/xvxcv HTTP/1.1" 400 28 "-" "PostmanRuntime/7.6.1"
